  [1m[35m (107.2ms)[0m  [1m[35mCREATE DATABASE "habitapi_development" ENCODING = 'unicode'[0m
  [1m[35m (28.7ms)[0m  [1m[35mCREATE DATABASE "habitapi_test" ENCODING = 'unicode'[0m
  [1m[35m (15.0ms)[0m  [1m[35mCREATE TABLE "schema_migrations" ("version" character varying NOT NULL PRIMARY KEY)[0m
  [1m[35m (5.9ms)[0m  [1m[35mCREATE TABLE "ar_internal_metadata" ("key" character varying NOT NULL PRIMARY KEY, "value" character varying, "created_at" timestamp(6) NOT NULL, "updated_at" timestamp(6) NOT NULL)[0m
  [1m[35m (0.2ms)[0m  [1m[34mSELECT pg_try_advisory_lock(4652754700093210095)[0m
  [1m[35m (1.0ms)[0m  [1m[34mSELECT "schema_migrations"."version" FROM "schema_migrations" ORDER BY "schema_migrations"."version" ASC[0m
Migrating to CreateUsers (20220107194814)
  [1m[36mTRANSACTION (0.2ms)[0m  [1m[35mBEGIN[0m
  [1m[35m (7.6ms)[0m  [1m[35mCREATE TABLE "users" ("id" bigserial primary key, "username" character varying, "password_digest" character varying, "age" integer, "created_at" timestamp(6) NOT NULL, "updated_at" timestamp(6) NOT NULL)[0m
  [1m[36mActiveRecord::SchemaMigration Create (0.4ms)[0m  [1m[32mINSERT INTO "schema_migrations" ("version") VALUES ($1) RETURNING "version"[0m  [["version", "20220107194814"]]
  [1m[36mTRANSACTION (0.5ms)[0m  [1m[35mCOMMIT[0m
  [1m[36mActiveRecord::InternalMetadata Load (1.0ms)[0m  [1m[34mSELECT "ar_internal_metadata".* FROM "ar_internal_metadata" WHERE "ar_internal_metadata"."key" = $1 LIMIT $2[0m  [["key", "environment"], ["LIMIT", 1]]
  [1m[36mTRANSACTION (0.2ms)[0m  [1m[35mBEGIN[0m
  [1m[36mActiveRecord::InternalMetadata Create (0.8ms)[0m  [1m[32mINSERT INTO "ar_internal_metadata" ("key", "value", "created_at", "updated_at") VALUES ($1, $2, $3, $4) RETURNING "key"[0m  [["key", "environment"], ["value", "development"], ["created_at", "2022-01-07 19:51:00.885123"], ["updated_at", "2022-01-07 19:51:00.885123"]]
  [1m[36mTRANSACTION (0.4ms)[0m  [1m[35mCOMMIT[0m
  [1m[35m (0.4ms)[0m  [1m[34mSELECT pg_advisory_unlock(4652754700093210095)[0m
  [1m[35m (2.0ms)[0m  [1m[34mSELECT "schema_migrations"."version" FROM "schema_migrations" ORDER BY "schema_migrations"."version" ASC[0m
  [1m[35m (1.3ms)[0m  [1m[34mSELECT "schema_migrations"."version" FROM "schema_migrations" ORDER BY "schema_migrations"."version" ASC[0m
  [1m[36mTRANSACTION (0.3ms)[0m  [1m[35mBEGIN[0m
  [1m[36mUser Create (7.1ms)[0m  [1m[32mINSERT INTO "users" ("username", "password_digest", "age", "created_at", "updated_at") VALUES ($1, $2, $3, $4, $5) RETURNING "id"[0m  [["username", "testlydia"], ["password_digest", "$2a$12$kmE6ZVSjYy495KY.M3VkBO9izngDSlzEzCbW1644wpgPjhphSCxuW"], ["age", 27], ["created_at", "2022-01-07 19:52:00.785325"], ["updated_at", "2022-01-07 19:52:00.785325"]]
  [1m[36mTRANSACTION (0.7ms)[0m  [1m[35mCOMMIT[0m
Started POST "/login" for ::1 at 2022-01-07 14:53:16 -0500
  [1m[35m (1.2ms)[0m  [1m[34mSELECT "schema_migrations"."version" FROM "schema_migrations" ORDER BY "schema_migrations"."version" ASC[0m
Processing by UsersController#login as */*
  Parameters: {"name"=>"Stacey II", "age"=>2, "user"=>{"age"=>2}}
  [1m[36mUser Load (1.1ms)[0m  [1m[34mSELECT "users".* FROM "users" WHERE "users"."username" IS NULL LIMIT $1[0m  [["LIMIT", 1]]
  ↳ app/controllers/users_controller.rb:17:in `login'
Completed 200 OK in 10ms (Views: 0.1ms | ActiveRecord: 5.3ms | Allocations: 6074)


Started POST "/login" for ::1 at 2022-01-07 14:53:37 -0500
Processing by UsersController#login as */*
  Parameters: {"name"=>"Stacey II", "age"=>2, "user"=>{"age"=>2}}
  [1m[36mUser Load (0.7ms)[0m  [1m[34mSELECT "users".* FROM "users" WHERE "users"."username" IS NULL LIMIT $1[0m  [["LIMIT", 1]]
  ↳ app/controllers/users_controller.rb:17:in `login'
Completed 200 OK in 13ms (Views: 0.3ms | ActiveRecord: 0.7ms | Allocations: 734)


Started POST "/login" for ::1 at 2022-01-07 14:54:25 -0500
Processing by UsersController#login as */*
  Parameters: {"name"=>"Stacey II", "age"=>2, "user"=>{"age"=>2}}
  [1m[36mUser Load (0.5ms)[0m  [1m[34mSELECT "users".* FROM "users" WHERE "users"."username" IS NULL LIMIT $1[0m  [["LIMIT", 1]]
  ↳ app/controllers/users_controller.rb:17:in `login'
Completed 200 OK in 13ms (Views: 0.6ms | ActiveRecord: 0.5ms | Allocations: 704)


Started POST "/login?username=testlydia&password=[FILTERED]" for ::1 at 2022-01-07 14:54:47 -0500
Processing by UsersController#login as */*
  Parameters: {"name"=>"Stacey II", "age"=>2, "username"=>"testlydia", "password"=>"[FILTERED]", "user"=>{"age"=>2}}
  [1m[36mUser Load (0.6ms)[0m  [1m[34mSELECT "users".* FROM "users" WHERE "users"."username" = $1 LIMIT $2[0m  [["username", "testlydia"], ["LIMIT", 1]]
  ↳ app/controllers/users_controller.rb:17:in `login'
Completed 200 OK in 284ms (Views: 0.6ms | ActiveRecord: 10.0ms | Allocations: 4162)


